Flow report for MEF
Wed Oct 26 09:57:22 2016
Quartus II Version 9.0 Build 132 02/25/2009 SJ Full Version


---------------------
; Table of Contents ;
---------------------
  1. Legal Notice
  2. Flow Summary
  3. Flow Settings
  4. Flow Non-Default Global Settings
  5. Flow Elapsed Time
  6. Flow OS Summary
  7. Flow Log



----------------
; Legal Notice ;
----------------
Copyright (C) 1991-2009 Altera Corporation
Your use of Altera Corporation's design tools, logic functions 
and other software and tools, and its AMPP partner logic 
functions, and any output files from any of the foregoing 
(including device programming or simulation files), and any 
associated documentation or information are expressly subject 
to the terms and conditions of the Altera Program License 
Subscription Agreement, Altera MegaCore Function License 
Agreement, or other applicable license agreement, including, 
without limitation, that your use is for the sole purpose of 
programming logic devices manufactured by Altera and sold by 
Altera or its authorized distributors.  Please refer to the 
applicable agreement for further details.



+--------------------------------------------------------------------+
; Flow Summary                                                       ;
+-------------------------+------------------------------------------+
; Flow Status             ; Flow Failed - Wed Oct 26 09:57:22 2016   ;
; Quartus II Version      ; 9.0 Build 132 02/25/2009 SJ Full Version ;
; Revision Name           ; MEF                                      ;
; Top-level Entity Name   ; Block1                                   ;
; Family                  ; ACEX1K                                   ;
; Device                  ; EP1K100QC208-3                           ;
; Timing Models           ; Final                                    ;
; Met timing requirements ; N/A                                      ;
+-------------------------+------------------------------------------+


+-----------------------------------------+
; Flow Settings                           ;
+-------------------+---------------------+
; Option            ; Setting             ;
+-------------------+---------------------+
; Start date & time ; 10/26/2016 09:57:17 ;
; Main task         ; Compilation         ;
; Revision Name     ; MEF                 ;
+-------------------+---------------------+


+---------------------------------------------------------------------------------------------------------------------------------------+
; Flow Non-Default Global Settings                                                                                                      ;
+------------------------------------+---------------------------------------------------+---------------+-------------+----------------+
; Assignment Name                    ; Value                                             ; Default Value ; Entity Name ; Section Id     ;
+------------------------------------+---------------------------------------------------+---------------+-------------+----------------+
; COMPILER_SIGNATURE_ID              ; 105425941265.147748663704109                      ; --            ; --          ; --             ;
; IP_TOOL_NAME                       ; LPM_COUNTER                                       ; --            ; --          ; --             ;
; IP_TOOL_NAME                       ; LPM_COUNTER                                       ; --            ; --          ; --             ;
; IP_TOOL_NAME                       ; LPM_COUNTER                                       ; --            ; --          ; --             ;
; IP_TOOL_NAME                       ; LPM_COUNTER                                       ; --            ; --          ; --             ;
; IP_TOOL_NAME                       ; LPM_MUX                                           ; --            ; --          ; --             ;
; IP_TOOL_NAME                       ; LPM_RAM_DQ                                        ; --            ; --          ; --             ;
; IP_TOOL_NAME                       ; LPM_MUX                                           ; --            ; --          ; --             ;
; IP_TOOL_NAME                       ; LPM_MUX                                           ; --            ; --          ; --             ;
; IP_TOOL_NAME                       ; LPM_COMPARE                                       ; --            ; --          ; --             ;
; IP_TOOL_NAME                       ; LPM_COUNTER                                       ; --            ; --          ; --             ;
; IP_TOOL_VERSION                    ; 9.0                                               ; --            ; --          ; --             ;
; IP_TOOL_VERSION                    ; 9.0                                               ; --            ; --          ; --             ;
; IP_TOOL_VERSION                    ; 9.0                                               ; --            ; --          ; --             ;
; IP_TOOL_VERSION                    ; 9.0                                               ; --            ; --          ; --             ;
; IP_TOOL_VERSION                    ; 9.0                                               ; --            ; --          ; --             ;
; IP_TOOL_VERSION                    ; 9.0                                               ; --            ; --          ; --             ;
; IP_TOOL_VERSION                    ; 9.0                                               ; --            ; --          ; --             ;
; IP_TOOL_VERSION                    ; 9.0                                               ; --            ; --          ; --             ;
; IP_TOOL_VERSION                    ; 9.0                                               ; --            ; --          ; --             ;
; IP_TOOL_VERSION                    ; 9.0                                               ; --            ; --          ; --             ;
; MAX_CORE_JUNCTION_TEMP             ; 85                                                ; --            ; --          ; --             ;
; MIN_CORE_JUNCTION_TEMP             ; 0                                                 ; --            ; --          ; --             ;
; MISC_FILE                          ; Z:/home/marcos/¡rea de Trabalho/MEF/MEF.dpf       ; --            ; --          ; --             ;
; MISC_FILE                          ; lpm_counter0.bsf                                  ; --            ; --          ; --             ;
; MISC_FILE                          ; lpm_counter0_bb.v                                 ; --            ; --          ; --             ;
; MISC_FILE                          ; lpm_counter1.bsf                                  ; --            ; --          ; --             ;
; MISC_FILE                          ; lpm_counter1_bb.v                                 ; --            ; --          ; --             ;
; MISC_FILE                          ; lpm_counter2.bsf                                  ; --            ; --          ; --             ;
; MISC_FILE                          ; lpm_counter2_bb.v                                 ; --            ; --          ; --             ;
; MISC_FILE                          ; contador_pulso.bsf                                ; --            ; --          ; --             ;
; MISC_FILE                          ; contador_pulso_bb.v                               ; --            ; --          ; --             ;
; MISC_FILE                          ; lpm_mux0.bsf                                      ; --            ; --          ; --             ;
; MISC_FILE                          ; lpm_mux0_bb.v                                     ; --            ; --          ; --             ;
; MISC_FILE                          ; memoria.bsf                                       ; --            ; --          ; --             ;
; MISC_FILE                          ; memoria_bb.v                                      ; --            ; --          ; --             ;
; MISC_FILE                          ; mux_endereco.bsf                                  ; --            ; --          ; --             ;
; MISC_FILE                          ; mux_endereco_bb.v                                 ; --            ; --          ; --             ;
; MISC_FILE                          ; seletor_dados.bsf                                 ; --            ; --          ; --             ;
; MISC_FILE                          ; seletor_dados_inst.vhd                            ; --            ; --          ; --             ;
; MISC_FILE                          ; seletor_dados.inc                                 ; --            ; --          ; --             ;
; MISC_FILE                          ; seletor_dados.cmp                                 ; --            ; --          ; --             ;
; MISC_FILE                          ; comparador.bsf                                    ; --            ; --          ; --             ;
; MISC_FILE                          ; comparador_inst.vhd                               ; --            ; --          ; --             ;
; MISC_FILE                          ; comparador.inc                                    ; --            ; --          ; --             ;
; MISC_FILE                          ; comparador.cmp                                    ; --            ; --          ; --             ;
; MISC_FILE                          ; contador_divisor.bsf                              ; --            ; --          ; --             ;
; MISC_FILE                          ; contador_divisor_inst.vhd                         ; --            ; --          ; --             ;
; MISC_FILE                          ; contador_divisor.inc                              ; --            ; --          ; --             ;
; MISC_FILE                          ; contador_divisor.cmp                              ; --            ; --          ; --             ;
; MISC_FILE                          ; /home/aluno/√Årea de trabalho/MEF/MEFv2.0/MEF.dpf ; --            ; --          ; --             ;
; TOP_LEVEL_ENTITY                   ; Block1                                            ; MEF           ; --          ; --             ;
; USE_GENERATED_PHYSICAL_CONSTRAINTS ; Off                                               ; --            ; --          ; eda_blast_fpga ;
+------------------------------------+---------------------------------------------------+---------------+-------------+----------------+


+--------------------------------------------------------------------------------------------------------------------------+
; Flow Elapsed Time                                                                                                        ;
+----------------------+--------------+-------------------------+---------------------+------------------------------------+
; Module Name          ; Elapsed Time ; Average Processors Used ; Peak Virtual Memory ; Total CPU Time (on all processors) ;
+----------------------+--------------+-------------------------+---------------------+------------------------------------+
; Analysis & Synthesis ; 00:00:05     ; 1.0                     ; --                  ; 00:00:05                           ;
; Total                ; 00:00:05     ; --                      ; --                  ; 00:00:05                           ;
+----------------------+--------------+-------------------------+---------------------+------------------------------------+


+------------------------------------------------------------------------------------------+
; Flow OS Summary                                                                          ;
+----------------------+------------------+------------------+------------+----------------+
; Module Name          ; Machine Hostname ; OS Name          ; OS Version ; Processor type ;
+----------------------+------------------+------------------+------------+----------------+
; Analysis & Synthesis ; LabHard-25144    ; Debian GNU/Linux ; 7          ; i686           ;
+----------------------+------------------+------------------+------------+----------------+


------------
; Flow Log ;
------------
quartus_map --read_settings_files=on --write_settings_files=off MEF -c MEF



