Analysis & Synthesis report for MEF
Wed Oct 26 09:57:22 2016
Quartus II Version 9.0 Build 132 02/25/2009 SJ Full Version


---------------------
; Table of Contents ;
---------------------
  1. Legal Notice
  2. Analysis & Synthesis Summary
  3. Analysis & Synthesis Settings
  4. Analysis & Synthesis Source Files Read
  5. Registers Removed During Synthesis
  6. Removed Registers Triggering Further Register Optimizations
  7. Source assignments for gerador_freq:inst1|lpm_counter0:inst11|lpm_counter:lpm_counter_component
  8. Source assignments for gerador_freq:inst1|lpm_counter1:inst6|lpm_counter:lpm_counter_component
  9. Parameter Settings for User Entity Instance: memoria:inst7|lpm_ram_dq:lpm_ram_dq_component
 10. Parameter Settings for User Entity Instance: mef_gravacao:inst10|comparador:inst1|lpm_compare:lpm_compare_component
 11. Parameter Settings for User Entity Instance: gerador_freq:inst1|lpm_counter0:inst11|lpm_counter:lpm_counter_component
 12. Parameter Settings for User Entity Instance: gerador_freq:inst1|lpm_counter1:inst6|lpm_counter:lpm_counter_component
 13. Analysis & Synthesis Messages



----------------
; Legal Notice ;
----------------
Copyright (C) 1991-2009 Altera Corporation
Your use of Altera Corporation's design tools, logic functions 
and other software and tools, and its AMPP partner logic 
functions, and any output files from any of the foregoing 
(including device programming or simulation files), and any 
associated documentation or information are expressly subject 
to the terms and conditions of the Altera Program License 
Subscription Agreement, Altera MegaCore Function License 
Agreement, or other applicable license agreement, including, 
without limitation, that your use is for the sole purpose of 
programming logic devices manufactured by Altera and sold by 
Altera or its authorized distributors.  Please refer to the 
applicable agreement for further details.



+------------------------------------------------------------------------+
; Analysis & Synthesis Summary                                           ;
+-----------------------------+------------------------------------------+
; Analysis & Synthesis Status ; Failed - Wed Oct 26 09:57:22 2016        ;
; Quartus II Version          ; 9.0 Build 132 02/25/2009 SJ Full Version ;
; Revision Name               ; MEF                                      ;
; Top-level Entity Name       ; Block1                                   ;
; Family                      ; ACEX1K                                   ;
+-----------------------------+------------------------------------------+


+-------------------------------------------------------------------------------------------------+
; Analysis & Synthesis Settings                                                                   ;
+----------------------------------------------------------------+----------------+---------------+
; Option                                                         ; Setting        ; Default Value ;
+----------------------------------------------------------------+----------------+---------------+
; Device                                                         ; EP1K100QC208-3 ;               ;
; Top-level entity name                                          ; Block1         ; MEF           ;
; Family name                                                    ; ACEX1K         ; Stratix II    ;
; Use Generated Physical Constraints File                        ; Off            ;               ;
; Use smart compilation                                          ; Off            ; Off           ;
; Create Debugging Nodes for IP Cores                            ; Off            ; Off           ;
; Preserve fewer node names                                      ; On             ; On            ;
; Disable OpenCore Plus hardware evaluation                      ; Off            ; Off           ;
; Verilog Version                                                ; Verilog_2001   ; Verilog_2001  ;
; VHDL Version                                                   ; VHDL93         ; VHDL93        ;
; State Machine Processing                                       ; Auto           ; Auto          ;
; Safe State Machine                                             ; Off            ; Off           ;
; Extract Verilog State Machines                                 ; On             ; On            ;
; Extract VHDL State Machines                                    ; On             ; On            ;
; Ignore Verilog initial constructs                              ; Off            ; Off           ;
; Iteration limit for constant Verilog loops                     ; 5000           ; 5000          ;
; Iteration limit for non-constant Verilog loops                 ; 250            ; 250           ;
; Add Pass-Through Logic to Inferred RAMs                        ; On             ; On            ;
; Parallel Synthesis                                             ; Off            ; Off           ;
; NOT Gate Push-Back                                             ; On             ; On            ;
; Power-Up Don't Care                                            ; On             ; On            ;
; Remove Redundant Logic Cells                                   ; Off            ; Off           ;
; Remove Duplicate Registers                                     ; On             ; On            ;
; Ignore CARRY Buffers                                           ; Off            ; Off           ;
; Ignore CASCADE Buffers                                         ; Off            ; Off           ;
; Ignore GLOBAL Buffers                                          ; Off            ; Off           ;
; Ignore ROW GLOBAL Buffers                                      ; Off            ; Off           ;
; Ignore LCELL Buffers                                           ; Off            ; Off           ;
; Ignore SOFT Buffers                                            ; On             ; On            ;
; Limit AHDL Integers to 32 Bits                                 ; Off            ; Off           ;
; Auto Implement in ROM                                          ; Off            ; Off           ;
; Optimization Technique                                         ; Area           ; Area          ;
; Carry Chain Length                                             ; 32             ; 32            ;
; Cascade Chain Length                                           ; 2              ; 2             ;
; Auto Carry Chains                                              ; On             ; On            ;
; Auto Open-Drain Pins                                           ; On             ; On            ;
; Auto ROM Replacement                                           ; On             ; On            ;
; Auto RAM Replacement                                           ; On             ; On            ;
; Auto Clock Enable Replacement                                  ; On             ; On            ;
; Strict RAM Replacement                                         ; Off            ; Off           ;
; Auto Resource Sharing                                          ; Off            ; Off           ;
; Allow Any RAM Size For Recognition                             ; Off            ; Off           ;
; Allow Any ROM Size For Recognition                             ; Off            ; Off           ;
; Use LogicLock Constraints during Resource Balancing            ; On             ; On            ;
; Ignore translate_off and synthesis_off directives              ; Off            ; Off           ;
; Show Parameter Settings Tables in Synthesis Report             ; On             ; On            ;
; HDL message level                                              ; Level2         ; Level2        ;
; Suppress Register Optimization Related Messages                ; Off            ; Off           ;
; Number of Removed Registers Reported in Synthesis Report       ; 100            ; 100           ;
; Number of Inverted Registers Reported in Synthesis Report      ; 100            ; 100           ;
; Block Design Naming                                            ; Auto           ; Auto          ;
; Synthesis Effort                                               ; Auto           ; Auto          ;
; Allows Asynchronous Clear Usage For Shift Register Replacement ; On             ; On            ;
; Analysis & Synthesis Message Level                             ; Medium         ; Medium        ;
+----------------------------------------------------------------+----------------+---------------+


+-------------------------------------------------------------------------------------------------------------------------------------------------------------------+
; Analysis & Synthesis Source Files Read                                                                                                                            ;
+----------------------------------+-----------------+------------------------------------+-------------------------------------------------------------------------+
; File Name with User-Entered Path ; Used in Netlist ; File Type                          ; File Name with Absolute Path                                            ;
+----------------------------------+-----------------+------------------------------------+-------------------------------------------------------------------------+
; lpm_counter0.v                   ; yes             ; User Wizard-Generated File         ; /home/aluno/Área de trabalho/MEF/MEFv2.0/lpm_counter0.v                ;
; gerador_freq.bdf                 ; yes             ; User Block Diagram/Schematic File  ; /home/aluno/Área de trabalho/MEF/MEFv2.0/gerador_freq.bdf              ;
; lpm_counter1.v                   ; yes             ; User Wizard-Generated File         ; /home/aluno/Área de trabalho/MEF/MEFv2.0/lpm_counter1.v                ;
; memoria.v                        ; yes             ; User Wizard-Generated File         ; /home/aluno/Área de trabalho/MEF/MEFv2.0/memoria.v                     ;
; mef_gravacao.bdf                 ; yes             ; User Block Diagram/Schematic File  ; /home/aluno/Área de trabalho/MEF/MEFv2.0/mef_gravacao.bdf              ;
; contador_6bits.bdf               ; yes             ; User Block Diagram/Schematic File  ; /home/aluno/Área de trabalho/MEF/MEFv2.0/contador_6bits.bdf            ;
; comparador.vhd                   ; yes             ; User Wizard-Generated File         ; /home/aluno/Área de trabalho/MEF/MEFv2.0/comparador.vhd                ;
; Block1.bdf                       ; yes             ; User Block Diagram/Schematic File  ; /home/aluno/Área de trabalho/MEF/MEFv2.0/Block1.bdf                    ;
; lpm_ram_dq.tdf                   ; yes             ; Megafunction                       ; /opt/altera/9.0/quartus/libraries/megafunctions/lpm_ram_dq.tdf          ;
; altram.inc                       ; yes             ; Megafunction                       ; /opt/altera/9.0/quartus/libraries/megafunctions/altram.inc              ;
; lpm_mux.inc                      ; yes             ; Megafunction                       ; /opt/altera/9.0/quartus/libraries/megafunctions/lpm_mux.inc             ;
; lpm_decode.inc                   ; yes             ; Megafunction                       ; /opt/altera/9.0/quartus/libraries/megafunctions/lpm_decode.inc          ;
; aglobal90.inc                    ; yes             ; Megafunction                       ; /opt/altera/9.0/quartus/libraries/megafunctions/aglobal90.inc           ;
; altram.tdf                       ; yes             ; Megafunction                       ; /opt/altera/9.0/quartus/libraries/megafunctions/altram.tdf              ;
; memmodes.inc                     ; yes             ; Megafunction                       ; /opt/altera/9.0/quartus/libraries/others/maxplus2/memmodes.inc          ;
; altsyncram.inc                   ; yes             ; Megafunction                       ; /opt/altera/9.0/quartus/libraries/megafunctions/altsyncram.inc          ;
; altqpram.inc                     ; yes             ; Megafunction                       ; /opt/altera/9.0/quartus/libraries/megafunctions/altqpram.inc            ;
; lpm_compare.tdf                  ; yes             ; Megafunction                       ; /opt/altera/9.0/quartus/libraries/megafunctions/lpm_compare.tdf         ;
; comptree.inc                     ; yes             ; Megafunction                       ; /opt/altera/9.0/quartus/libraries/megafunctions/comptree.inc            ;
; altshift.inc                     ; yes             ; Megafunction                       ; /opt/altera/9.0/quartus/libraries/megafunctions/altshift.inc            ;
; comptree.tdf                     ; yes             ; Megafunction                       ; /opt/altera/9.0/quartus/libraries/megafunctions/comptree.tdf            ;
; cmpchain.inc                     ; yes             ; Megafunction                       ; /opt/altera/9.0/quartus/libraries/megafunctions/cmpchain.inc            ;
; lpm_constant.inc                 ; yes             ; Megafunction                       ; /opt/altera/9.0/quartus/libraries/megafunctions/lpm_constant.inc        ;
; cmpchain.tdf                     ; yes             ; Megafunction                       ; /opt/altera/9.0/quartus/libraries/megafunctions/cmpchain.tdf            ;
; altshift.tdf                     ; yes             ; Megafunction                       ; /opt/altera/9.0/quartus/libraries/megafunctions/altshift.tdf            ;
; lpm_counter.tdf                  ; yes             ; Megafunction                       ; /opt/altera/9.0/quartus/libraries/megafunctions/lpm_counter.tdf         ;
; lpm_add_sub.inc                  ; yes             ; Megafunction                       ; /opt/altera/9.0/quartus/libraries/megafunctions/lpm_add_sub.inc         ;
; cmpconst.inc                     ; yes             ; Megafunction                       ; /opt/altera/9.0/quartus/libraries/megafunctions/cmpconst.inc            ;
; lpm_compare.inc                  ; yes             ; Megafunction                       ; /opt/altera/9.0/quartus/libraries/megafunctions/lpm_compare.inc         ;
; lpm_counter.inc                  ; yes             ; Megafunction                       ; /opt/altera/9.0/quartus/libraries/megafunctions/lpm_counter.inc         ;
; dffeea.inc                       ; yes             ; Megafunction                       ; /opt/altera/9.0/quartus/libraries/megafunctions/dffeea.inc              ;
; alt_synch_counter.inc            ; yes             ; Megafunction                       ; /opt/altera/9.0/quartus/libraries/megafunctions/alt_synch_counter.inc   ;
; alt_synch_counter_f.inc          ; yes             ; Megafunction                       ; /opt/altera/9.0/quartus/libraries/megafunctions/alt_synch_counter_f.inc ;
; alt_counter_f10ke.inc            ; yes             ; Megafunction                       ; /opt/altera/9.0/quartus/libraries/megafunctions/alt_counter_f10ke.inc   ;
; alt_counter_stratix.inc          ; yes             ; Megafunction                       ; /opt/altera/9.0/quartus/libraries/megafunctions/alt_counter_stratix.inc ;
; alt_counter_f10ke.tdf            ; yes             ; Megafunction                       ; /opt/altera/9.0/quartus/libraries/megafunctions/alt_counter_f10ke.tdf   ;
; flex10ke_lcell.inc               ; yes             ; Megafunction                       ; /opt/altera/9.0/quartus/libraries/megafunctions/flex10ke_lcell.inc      ;
; lpm_constant.tdf                 ; yes             ; Megafunction                       ; /opt/altera/9.0/quartus/libraries/megafunctions/lpm_constant.tdf        ;
+----------------------------------+-----------------+------------------------------------+-------------------------------------------------------------------------+


+--------------------------------------------------------------------------------------------------------------------------------------+
; Registers Removed During Synthesis                                                                                                   ;
+-----------------------------------------------------------------------------------------------------------------+--------------------+
; Register name                                                                                                   ; Reason for Removal ;
+-----------------------------------------------------------------------------------------------------------------+--------------------+
; gerador_freq:inst1|lpm_counter1:inst6|lpm_counter:lpm_counter_component|alt_counter_f10ke:wysi_counter|q[0..11] ; Lost fanout        ;
; Total Number of Removed Registers = 12                                                                          ;                    ;
+-----------------------------------------------------------------------------------------------------------------+--------------------+


+---------------------------------------------------------------------------------------------------------------------------------------------------------------------------------------------------------------------------------------------------+
; Removed Registers Triggering Further Register Optimizations                                                                                                                                                                                       ;
+--------------------------------------------------------------------------------------------------------------+--------------------+---------------------------------------------------------------------------------------------------------------+
; Register name                                                                                                ; Reason for Removal ; Registers Removed due to This Register                                                                        ;
+--------------------------------------------------------------------------------------------------------------+--------------------+---------------------------------------------------------------------------------------------------------------+
; gerador_freq:inst1|lpm_counter1:inst6|lpm_counter:lpm_counter_component|alt_counter_f10ke:wysi_counter|q[11] ; Lost Fanouts       ; gerador_freq:inst1|lpm_counter1:inst6|lpm_counter:lpm_counter_component|alt_counter_f10ke:wysi_counter|q[10], ;
;                                                                                                              ;                    ; gerador_freq:inst1|lpm_counter1:inst6|lpm_counter:lpm_counter_component|alt_counter_f10ke:wysi_counter|q[9],  ;
;                                                                                                              ;                    ; gerador_freq:inst1|lpm_counter1:inst6|lpm_counter:lpm_counter_component|alt_counter_f10ke:wysi_counter|q[8],  ;
;                                                                                                              ;                    ; gerador_freq:inst1|lpm_counter1:inst6|lpm_counter:lpm_counter_component|alt_counter_f10ke:wysi_counter|q[7],  ;
;                                                                                                              ;                    ; gerador_freq:inst1|lpm_counter1:inst6|lpm_counter:lpm_counter_component|alt_counter_f10ke:wysi_counter|q[6],  ;
;                                                                                                              ;                    ; gerador_freq:inst1|lpm_counter1:inst6|lpm_counter:lpm_counter_component|alt_counter_f10ke:wysi_counter|q[3],  ;
;                                                                                                              ;                    ; gerador_freq:inst1|lpm_counter1:inst6|lpm_counter:lpm_counter_component|alt_counter_f10ke:wysi_counter|q[2],  ;
;                                                                                                              ;                    ; gerador_freq:inst1|lpm_counter1:inst6|lpm_counter:lpm_counter_component|alt_counter_f10ke:wysi_counter|q[1],  ;
;                                                                                                              ;                    ; gerador_freq:inst1|lpm_counter1:inst6|lpm_counter:lpm_counter_component|alt_counter_f10ke:wysi_counter|q[0]   ;
+--------------------------------------------------------------------------------------------------------------+--------------------+---------------------------------------------------------------------------------------------------------------+


+-------------------------------------------------------------------------------------------------+
; Source assignments for gerador_freq:inst1|lpm_counter0:inst11|lpm_counter:lpm_counter_component ;
+---------------------------+-------+------+------------------------------------------------------+
; Assignment                ; Value ; From ; To                                                   ;
+---------------------------+-------+------+------------------------------------------------------+
; SUPPRESS_DA_RULE_INTERNAL ; a101  ; -    ; -                                                    ;
; SUPPRESS_DA_RULE_INTERNAL ; s102  ; -    ; -                                                    ;
; SUPPRESS_DA_RULE_INTERNAL ; s103  ; -    ; -                                                    ;
+---------------------------+-------+------+------------------------------------------------------+


+------------------------------------------------------------------------------------------------+
; Source assignments for gerador_freq:inst1|lpm_counter1:inst6|lpm_counter:lpm_counter_component ;
+---------------------------+-------+------+-----------------------------------------------------+
; Assignment                ; Value ; From ; To                                                  ;
+---------------------------+-------+------+-----------------------------------------------------+
; SUPPRESS_DA_RULE_INTERNAL ; a101  ; -    ; -                                                   ;
; SUPPRESS_DA_RULE_INTERNAL ; s102  ; -    ; -                                                   ;
; SUPPRESS_DA_RULE_INTERNAL ; s103  ; -    ; -                                                   ;
+---------------------------+-------+------+-----------------------------------------------------+


+--------------------------------------------------------------------------------------------+
; Parameter Settings for User Entity Instance: memoria:inst7|lpm_ram_dq:lpm_ram_dq_component ;
+------------------------+------------+------------------------------------------------------+
; Parameter Name         ; Value      ; Type                                                 ;
+------------------------+------------+------------------------------------------------------+
; LPM_WIDTH              ; 8          ; Signed Integer                                       ;
; LPM_WIDTHAD            ; 6          ; Signed Integer                                       ;
; LPM_NUMWORDS           ; 64         ; Untyped                                              ;
; LPM_INDATA             ; REGISTERED ; Untyped                                              ;
; LPM_ADDRESS_CONTROL    ; REGISTERED ; Untyped                                              ;
; LPM_OUTDATA            ; REGISTERED ; Untyped                                              ;
; LPM_FILE               ; UNUSED     ; Untyped                                              ;
; USE_EAB                ; ON         ; Untyped                                              ;
; DEVICE_FAMILY          ; ACEX1K     ; Untyped                                              ;
; CBXI_PARAMETER         ; NOTHING    ; Untyped                                              ;
; AUTO_CARRY_CHAINS      ; ON         ; AUTO_CARRY                                           ;
; IGNORE_CARRY_BUFFERS   ; OFF        ; IGNORE_CARRY                                         ;
; AUTO_CASCADE_CHAINS    ; ON         ; AUTO_CASCADE                                         ;
; IGNORE_CASCADE_BUFFERS ; OFF        ; IGNORE_CASCADE                                       ;
+------------------------+------------+------------------------------------------------------+
Note: In order to hide this table in the UI and the text report file, please set the "Show Parameter Settings Tables in Synthesis Report" option in "Analysis and Synthesis Settings -> More Settings" to "Off".


+---------------------------------------------------------------------------------------------------------------------+
; Parameter Settings for User Entity Instance: mef_gravacao:inst10|comparador:inst1|lpm_compare:lpm_compare_component ;
+------------------------+----------+---------------------------------------------------------------------------------+
; Parameter Name         ; Value    ; Type                                                                            ;
+------------------------+----------+---------------------------------------------------------------------------------+
; lpm_width              ; 6        ; Signed Integer                                                                  ;
; LPM_REPRESENTATION     ; UNSIGNED ; Untyped                                                                         ;
; LPM_PIPELINE           ; 0        ; Untyped                                                                         ;
; CHAIN_SIZE             ; 8        ; Untyped                                                                         ;
; ONE_INPUT_IS_CONSTANT  ; NO       ; Untyped                                                                         ;
; CARRY_CHAIN            ; MANUAL   ; Untyped                                                                         ;
; CASCADE_CHAIN          ; MANUAL   ; Untyped                                                                         ;
; CARRY_CHAIN_LENGTH     ; 48       ; CARRY_CHAIN_LENGTH                                                              ;
; CASCADE_CHAIN_LENGTH   ; 2        ; CASCADE_CHAIN_LENGTH                                                            ;
; DEVICE_FAMILY          ; ACEX1K   ; Untyped                                                                         ;
; CBXI_PARAMETER         ; NOTHING  ; Untyped                                                                         ;
; AUTO_CARRY_CHAINS      ; ON       ; AUTO_CARRY                                                                      ;
; IGNORE_CARRY_BUFFERS   ; OFF      ; IGNORE_CARRY                                                                    ;
; AUTO_CASCADE_CHAINS    ; ON       ; AUTO_CASCADE                                                                    ;
; IGNORE_CASCADE_BUFFERS ; OFF      ; IGNORE_CASCADE                                                                  ;
+------------------------+----------+---------------------------------------------------------------------------------+
Note: In order to hide this table in the UI and the text report file, please set the "Show Parameter Settings Tables in Synthesis Report" option in "Analysis and Synthesis Settings -> More Settings" to "Off".


+-----------------------------------------------------------------------------------------------------------------------+
; Parameter Settings for User Entity Instance: gerador_freq:inst1|lpm_counter0:inst11|lpm_counter:lpm_counter_component ;
+------------------------+-------------+--------------------------------------------------------------------------------+
; Parameter Name         ; Value       ; Type                                                                           ;
+------------------------+-------------+--------------------------------------------------------------------------------+
; AUTO_CARRY_CHAINS      ; ON          ; AUTO_CARRY                                                                     ;
; IGNORE_CARRY_BUFFERS   ; OFF         ; IGNORE_CARRY                                                                   ;
; AUTO_CASCADE_CHAINS    ; ON          ; AUTO_CASCADE                                                                   ;
; IGNORE_CASCADE_BUFFERS ; OFF         ; IGNORE_CASCADE                                                                 ;
; LPM_WIDTH              ; 12          ; Signed Integer                                                                 ;
; LPM_DIRECTION          ; UP          ; Untyped                                                                        ;
; LPM_MODULUS            ; 3414        ; Signed Integer                                                                 ;
; LPM_AVALUE             ; UNUSED      ; Untyped                                                                        ;
; LPM_SVALUE             ; UNUSED      ; Untyped                                                                        ;
; LPM_PORT_UPDOWN        ; PORT_UNUSED ; Untyped                                                                        ;
; DEVICE_FAMILY          ; ACEX1K      ; Untyped                                                                        ;
; CARRY_CHAIN            ; MANUAL      ; Untyped                                                                        ;
; CARRY_CHAIN_LENGTH     ; 48          ; CARRY_CHAIN_LENGTH                                                             ;
; NOT_GATE_PUSH_BACK     ; ON          ; NOT_GATE_PUSH_BACK                                                             ;
; CARRY_CNT_EN           ; SMART       ; Untyped                                                                        ;
; LABWIDE_SCLR           ; ON          ; Untyped                                                                        ;
; USE_NEW_VERSION        ; TRUE        ; Untyped                                                                        ;
; CBXI_PARAMETER         ; NOTHING     ; Untyped                                                                        ;
+------------------------+-------------+--------------------------------------------------------------------------------+
Note: In order to hide this table in the UI and the text report file, please set the "Show Parameter Settings Tables in Synthesis Report" option in "Analysis and Synthesis Settings -> More Settings" to "Off".


+----------------------------------------------------------------------------------------------------------------------+
; Parameter Settings for User Entity Instance: gerador_freq:inst1|lpm_counter1:inst6|lpm_counter:lpm_counter_component ;
+------------------------+-------------+-------------------------------------------------------------------------------+
; Parameter Name         ; Value       ; Type                                                                          ;
+------------------------+-------------+-------------------------------------------------------------------------------+
; AUTO_CARRY_CHAINS      ; ON          ; AUTO_CARRY                                                                    ;
; IGNORE_CARRY_BUFFERS   ; OFF         ; IGNORE_CARRY                                                                  ;
; AUTO_CASCADE_CHAINS    ; ON          ; AUTO_CASCADE                                                                  ;
; IGNORE_CASCADE_BUFFERS ; OFF         ; IGNORE_CASCADE                                                                ;
; LPM_WIDTH              ; 12          ; Signed Integer                                                                ;
; LPM_DIRECTION          ; UP          ; Untyped                                                                       ;
; LPM_MODULUS            ; 3421        ; Signed Integer                                                                ;
; LPM_AVALUE             ; UNUSED      ; Untyped                                                                       ;
; LPM_SVALUE             ; UNUSED      ; Untyped                                                                       ;
; LPM_PORT_UPDOWN        ; PORT_UNUSED ; Untyped                                                                       ;
; DEVICE_FAMILY          ; ACEX1K      ; Untyped                                                                       ;
; CARRY_CHAIN            ; MANUAL      ; Untyped                                                                       ;
; CARRY_CHAIN_LENGTH     ; 48          ; CARRY_CHAIN_LENGTH                                                            ;
; NOT_GATE_PUSH_BACK     ; ON          ; NOT_GATE_PUSH_BACK                                                            ;
; CARRY_CNT_EN           ; SMART       ; Untyped                                                                       ;
; LABWIDE_SCLR           ; ON          ; Untyped                                                                       ;
; USE_NEW_VERSION        ; TRUE        ; Untyped                                                                       ;
; CBXI_PARAMETER         ; NOTHING     ; Untyped                                                                       ;
+------------------------+-------------+-------------------------------------------------------------------------------+
Note: In order to hide this table in the UI and the text report file, please set the "Show Parameter Settings Tables in Synthesis Report" option in "Analysis and Synthesis Settings -> More Settings" to "Off".


+-------------------------------+
; Analysis & Synthesis Messages ;
+-------------------------------+
Info: *******************************************************************
Info: Running Quartus II Analysis & Synthesis
    Info: Version 9.0 Build 132 02/25/2009 SJ Full Version
    Info: Processing started: Wed Oct 26 09:57:17 2016
Info: Command: quartus_map --read_settings_files=on --write_settings_files=off MEF -c MEF
Info: Found 1 design units, including 1 entities, in source file pbl_1.bdf
    Info: Found entity 1: pbl_1
Info: Found 1 design units, including 1 entities, in source file maquina_central.bdf
    Info: Found entity 1: maquina_central
Info: Found 1 design units, including 1 entities, in source file MEF.bdf
    Info: Found entity 1: MEF
Info: Found 1 design units, including 1 entities, in source file lpm_counter0.v
    Info: Found entity 1: lpm_counter0
Info: Found 1 design units, including 1 entities, in source file gerador_freq.bdf
    Info: Found entity 1: gerador_freq
Info: Found 1 design units, including 1 entities, in source file PBL3.bdf
    Info: Found entity 1: PBL3
Info: Found 1 design units, including 1 entities, in source file reg_desl.bdf
    Info: Found entity 1: reg_desl
Info: Found 1 design units, including 1 entities, in source file lpm_counter1.v
    Info: Found entity 1: lpm_counter1
Info: Found 1 design units, including 1 entities, in source file lpm_counter2.v
    Info: Found entity 1: lpm_counter2
Info: Found 1 design units, including 1 entities, in source file reg_paral_paral.bdf
    Info: Found entity 1: reg_paral_paral
Info: Found 1 design units, including 1 entities, in source file contador_pulso.v
    Info: Found entity 1: contador_pulso
Info: Found 1 design units, including 1 entities, in source file verificacao_comando.bdf
    Info: Found entity 1: verificacao_comando
Info: Found 1 design units, including 1 entities, in source file envia_dados.bdf
    Info: Found entity 1: envia_dados
Info: Found 1 design units, including 1 entities, in source file lpm_mux0.v
    Info: Found entity 1: lpm_mux0
Info: Found 1 design units, including 1 entities, in source file memoria.v
    Info: Found entity 1: memoria
Info: Found 1 design units, including 1 entities, in source file exibir.bdf
    Info: Found entity 1: exibir
Info: Found 1 design units, including 1 entities, in source file mef_gravacao.bdf
    Info: Found entity 1: mef_gravacao
Info: Found 1 design units, including 1 entities, in source file contador_6bits.bdf
    Info: Found entity 1: contador_6bits
Info: Found 1 design units, including 1 entities, in source file comparador_magnitude.bdf
    Info: Found entity 1: comparador_magnitude
Info: Found 1 design units, including 1 entities, in source file mef_remocao.bdf
    Info: Found entity 1: mef_remocao
Info: Found 1 design units, including 1 entities, in source file mux_endereco.v
    Info: Found entity 1: mux_endereco
Info: Found 1 design units, including 1 entities, in source file mef_exibir.bdf
    Info: Found entity 1: mef_exibir
Info: Found 1 design units, including 1 entities, in source file div_freq_32Mhz_1hz.bdf
    Info: Found entity 1: div_freq_32Mhz_1hz
Info: Found 2 design units, including 1 entities, in source file seletor_dados.vhd
    Info: Found design unit 1: seletor_dados-SYN
    Info: Found entity 1: seletor_dados
Info: Found 2 design units, including 1 entities, in source file comparador.vhd
    Info: Found design unit 1: comparador-SYN
    Info: Found entity 1: comparador
Info: Found 2 design units, including 1 entities, in source file contador_divisor.vhd
    Info: Found design unit 1: contador_divisor-SYN
    Info: Found entity 1: contador_divisor
Info: Found 1 design units, including 1 entities, in source file Block1.bdf
    Info: Found entity 1: Block1
Info: Elaborating entity "Block1" for the top level hierarchy
Info: Elaborating entity "memoria" for hierarchy "memoria:inst7"
Info: Elaborating entity "lpm_ram_dq" for hierarchy "memoria:inst7|lpm_ram_dq:lpm_ram_dq_component"
Info: Elaborated megafunction instantiation "memoria:inst7|lpm_ram_dq:lpm_ram_dq_component"
Info: Instantiated megafunction "memoria:inst7|lpm_ram_dq:lpm_ram_dq_component" with the following parameter:
    Info: Parameter "intended_device_family" = "ACEX1K"
    Info: Parameter "lpm_address_control" = "REGISTERED"
    Info: Parameter "lpm_indata" = "REGISTERED"
    Info: Parameter "lpm_outdata" = "REGISTERED"
    Info: Parameter "lpm_type" = "LPM_RAM_DQ"
    Info: Parameter "lpm_width" = "8"
    Info: Parameter "lpm_widthad" = "6"
Info: Elaborating entity "altram" for hierarchy "memoria:inst7|lpm_ram_dq:lpm_ram_dq_component|altram:sram"
Info: Elaborated megafunction instantiation "memoria:inst7|lpm_ram_dq:lpm_ram_dq_component|altram:sram", which is child of megafunction instantiation "memoria:inst7|lpm_ram_dq:lpm_ram_dq_component"
Info: Elaborating entity "mef_gravacao" for hierarchy "mef_gravacao:inst10"
Info: Elaborating entity "comparador" for hierarchy "mef_gravacao:inst10|comparador:inst1"
Info: Elaborating entity "lpm_compare" for hierarchy "mef_gravacao:inst10|comparador:inst1|lpm_compare:lpm_compare_component"
Info: Elaborated megafunction instantiation "mef_gravacao:inst10|comparador:inst1|lpm_compare:lpm_compare_component"
Info: Instantiated megafunction "mef_gravacao:inst10|comparador:inst1|lpm_compare:lpm_compare_component" with the following parameter:
    Info: Parameter "lpm_representation" = "UNSIGNED"
    Info: Parameter "lpm_type" = "LPM_COMPARE"
    Info: Parameter "lpm_width" = "6"
Info: Elaborating entity "comptree" for hierarchy "mef_gravacao:inst10|comparador:inst1|lpm_compare:lpm_compare_component|comptree:comparator"
Info: Elaborated megafunction instantiation "mef_gravacao:inst10|comparador:inst1|lpm_compare:lpm_compare_component|comptree:comparator", which is child of megafunction instantiation "mef_gravacao:inst10|comparador:inst1|lpm_compare:lpm_compare_component"
Info: Elaborating entity "cmpchain" for hierarchy "mef_gravacao:inst10|comparador:inst1|lpm_compare:lpm_compare_component|comptree:comparator|cmpchain:cmp_end"
Info: Elaborated megafunction instantiation "mef_gravacao:inst10|comparador:inst1|lpm_compare:lpm_compare_component|comptree:comparator|cmpchain:cmp_end", which is child of megafunction instantiation "mef_gravacao:inst10|comparador:inst1|lpm_compare:lpm_compare_component"
Info: Elaborating entity "comptree" for hierarchy "mef_gravacao:inst10|comparador:inst1|lpm_compare:lpm_compare_component|comptree:comparator|cmpchain:cmp_end|comptree:comp"
Info: Elaborated megafunction instantiation "mef_gravacao:inst10|comparador:inst1|lpm_compare:lpm_compare_component|comptree:comparator|cmpchain:cmp_end|comptree:comp", which is child of megafunction instantiation "mef_gravacao:inst10|comparador:inst1|lpm_compare:lpm_compare_component"
Info: Elaborating entity "cmpchain" for hierarchy "mef_gravacao:inst10|comparador:inst1|lpm_compare:lpm_compare_component|comptree:comparator|cmpchain:cmp_end|comptree:comp|cmpchain:cmp[2]"
Info: Elaborated megafunction instantiation "mef_gravacao:inst10|comparador:inst1|lpm_compare:lpm_compare_component|comptree:comparator|cmpchain:cmp_end|comptree:comp|cmpchain:cmp[2]", which is child of megafunction instantiation "mef_gravacao:inst10|comparador:inst1|lpm_compare:lpm_compare_component"
Info: Elaborating entity "comptree" for hierarchy "mef_gravacao:inst10|comparador:inst1|lpm_compare:lpm_compare_component|comptree:comparator|cmpchain:cmp_end|comptree:comp|comptree:sub_comptree"
Info: Elaborated megafunction instantiation "mef_gravacao:inst10|comparador:inst1|lpm_compare:lpm_compare_component|comptree:comparator|cmpchain:cmp_end|comptree:comp|comptree:sub_comptree", which is child of megafunction instantiation "mef_gravacao:inst10|comparador:inst1|lpm_compare:lpm_compare_component"
Info: Elaborating entity "cmpchain" for hierarchy "mef_gravacao:inst10|comparador:inst1|lpm_compare:lpm_compare_component|comptree:comparator|cmpchain:cmp_end|comptree:comp|comptree:sub_comptree|cmpchain:cmp[0]"
Info: Elaborated megafunction instantiation "mef_gravacao:inst10|comparador:inst1|lpm_compare:lpm_compare_component|comptree:comparator|cmpchain:cmp_end|comptree:comp|comptree:sub_comptree|cmpchain:cmp[0]", which is child of megafunction instantiation "mef_gravacao:inst10|comparador:inst1|lpm_compare:lpm_compare_component"
Info: Elaborating entity "cmpchain" for hierarchy "mef_gravacao:inst10|comparador:inst1|lpm_compare:lpm_compare_component|comptree:comparator|cmpchain:cmp_end|comptree:comp|comptree:sub_comptree|cmpchain:cmp_end"
Info: Elaborated megafunction instantiation "mef_gravacao:inst10|comparador:inst1|lpm_compare:lpm_compare_component|comptree:comparator|cmpchain:cmp_end|comptree:comp|comptree:sub_comptree|cmpchain:cmp_end", which is child of megafunction instantiation "mef_gravacao:inst10|comparador:inst1|lpm_compare:lpm_compare_component"
Info: Elaborating entity "comptree" for hierarchy "mef_gravacao:inst10|comparador:inst1|lpm_compare:lpm_compare_component|comptree:comparator|cmpchain:cmp_end|comptree:comp|comptree:sub_comptree|comptree:sub_comptree"
Info: Elaborated megafunction instantiation "mef_gravacao:inst10|comparador:inst1|lpm_compare:lpm_compare_component|comptree:comparator|cmpchain:cmp_end|comptree:comp|comptree:sub_comptree|comptree:sub_comptree", which is child of megafunction instantiation "mef_gravacao:inst10|comparador:inst1|lpm_compare:lpm_compare_component"
Info: Elaborating entity "cmpchain" for hierarchy "mef_gravacao:inst10|comparador:inst1|lpm_compare:lpm_compare_component|comptree:comparator|cmpchain:cmp_end|comptree:comp|comptree:sub_comptree|comptree:sub_comptree|cmpchain:eq_cmp_end"
Info: Elaborated megafunction instantiation "mef_gravacao:inst10|comparador:inst1|lpm_compare:lpm_compare_component|comptree:comparator|cmpchain:cmp_end|comptree:comp|comptree:sub_comptree|comptree:sub_comptree|cmpchain:eq_cmp_end", which is child of megafunction instantiation "mef_gravacao:inst10|comparador:inst1|lpm_compare:lpm_compare_component"
Info: Elaborating entity "cmpchain" for hierarchy "mef_gravacao:inst10|comparador:inst1|lpm_compare:lpm_compare_component|comptree:comparator|cmpchain:cmp_end|comptree:comp|comptree:sub_comptree|comptree:sub_comptree|cmpchain:gt_cmp_end"
Info: Elaborated megafunction instantiation "mef_gravacao:inst10|comparador:inst1|lpm_compare:lpm_compare_component|comptree:comparator|cmpchain:cmp_end|comptree:comp|comptree:sub_comptree|comptree:sub_comptree|cmpchain:gt_cmp_end", which is child of megafunction instantiation "mef_gravacao:inst10|comparador:inst1|lpm_compare:lpm_compare_component"
Info: Elaborating entity "altshift" for hierarchy "mef_gravacao:inst10|comparador:inst1|lpm_compare:lpm_compare_component|altshift:aeb_ext_lat_ffs"
Info: Elaborated megafunction instantiation "mef_gravacao:inst10|comparador:inst1|lpm_compare:lpm_compare_component|altshift:aeb_ext_lat_ffs", which is child of megafunction instantiation "mef_gravacao:inst10|comparador:inst1|lpm_compare:lpm_compare_component"
Info: Elaborating entity "contador_6bits" for hierarchy "mef_gravacao:inst10|contador_6bits:inst"
Info: Elaborating entity "gerador_freq" for hierarchy "gerador_freq:inst1"
Info: Elaborating entity "lpm_counter0" for hierarchy "gerador_freq:inst1|lpm_counter0:inst11"
Info: Elaborating entity "lpm_counter" for hierarchy "gerador_freq:inst1|lpm_counter0:inst11|lpm_counter:lpm_counter_component"
Info: Elaborated megafunction instantiation "gerador_freq:inst1|lpm_counter0:inst11|lpm_counter:lpm_counter_component"
Info: Instantiated megafunction "gerador_freq:inst1|lpm_counter0:inst11|lpm_counter:lpm_counter_component" with the following parameter:
    Info: Parameter "lpm_direction" = "UP"
    Info: Parameter "lpm_modulus" = "3414"
    Info: Parameter "lpm_port_updown" = "PORT_UNUSED"
    Info: Parameter "lpm_type" = "LPM_COUNTER"
    Info: Parameter "lpm_width" = "12"
Info: Elaborating entity "alt_counter_f10ke" for hierarchy "gerador_freq:inst1|lpm_counter0:inst11|lpm_counter:lpm_counter_component|alt_counter_f10ke:wysi_counter"
Info: Elaborated megafunction instantiation "gerador_freq:inst1|lpm_counter0:inst11|lpm_counter:lpm_counter_component|alt_counter_f10ke:wysi_counter", which is child of megafunction instantiation "gerador_freq:inst1|lpm_counter0:inst11|lpm_counter:lpm_counter_component"
Info: Elaborating entity "lpm_constant" for hierarchy "gerador_freq:inst1|lpm_counter0:inst11|lpm_counter:lpm_counter_component|alt_counter_f10ke:wysi_counter|lpm_constant:$00017"
Info: Elaborated megafunction instantiation "gerador_freq:inst1|lpm_counter0:inst11|lpm_counter:lpm_counter_component|alt_counter_f10ke:wysi_counter|lpm_constant:$00017", which is child of megafunction instantiation "gerador_freq:inst1|lpm_counter0:inst11|lpm_counter:lpm_counter_component"
Info: Elaborating entity "lpm_compare" for hierarchy "gerador_freq:inst1|lpm_counter0:inst11|lpm_counter:lpm_counter_component|alt_counter_f10ke:wysi_counter|lpm_compare:$00019"
Info: Elaborated megafunction instantiation "gerador_freq:inst1|lpm_counter0:inst11|lpm_counter:lpm_counter_component|alt_counter_f10ke:wysi_counter|lpm_compare:$00019", which is child of megafunction instantiation "gerador_freq:inst1|lpm_counter0:inst11|lpm_counter:lpm_counter_component"
Info: Elaborating entity "comptree" for hierarchy "gerador_freq:inst1|lpm_counter0:inst11|lpm_counter:lpm_counter_component|alt_counter_f10ke:wysi_counter|lpm_compare:$00019|comptree:comparator"
Info: Elaborated megafunction instantiation "gerador_freq:inst1|lpm_counter0:inst11|lpm_counter:lpm_counter_component|alt_counter_f10ke:wysi_counter|lpm_compare:$00019|comptree:comparator", which is child of megafunction instantiation "gerador_freq:inst1|lpm_counter0:inst11|lpm_counter:lpm_counter_component"
Info: Elaborating entity "cmpchain" for hierarchy "gerador_freq:inst1|lpm_counter0:inst11|lpm_counter:lpm_counter_component|alt_counter_f10ke:wysi_counter|lpm_compare:$00019|comptree:comparator|cmpchain:cmp_end"
Info: Elaborated megafunction instantiation "gerador_freq:inst1|lpm_counter0:inst11|lpm_counter:lpm_counter_component|alt_counter_f10ke:wysi_counter|lpm_compare:$00019|comptree:comparator|cmpchain:cmp_end", which is child of megafunction instantiation "gerador_freq:inst1|lpm_counter0:inst11|lpm_counter:lpm_counter_component"
Info: Elaborating entity "comptree" for hierarchy "gerador_freq:inst1|lpm_counter0:inst11|lpm_counter:lpm_counter_component|alt_counter_f10ke:wysi_counter|lpm_compare:$00019|comptree:comparator|cmpchain:cmp_end|comptree:comp"
Info: Elaborated megafunction instantiation "gerador_freq:inst1|lpm_counter0:inst11|lpm_counter:lpm_counter_component|alt_counter_f10ke:wysi_counter|lpm_compare:$00019|comptree:comparator|cmpchain:cmp_end|comptree:comp", which is child of megafunction instantiation "gerador_freq:inst1|lpm_counter0:inst11|lpm_counter:lpm_counter_component"
Info: Elaborating entity "cmpchain" for hierarchy "gerador_freq:inst1|lpm_counter0:inst11|lpm_counter:lpm_counter_component|alt_counter_f10ke:wysi_counter|lpm_compare:$00019|comptree:comparator|cmpchain:cmp_end|comptree:comp|cmpchain:cmp[2]"
Info: Elaborated megafunction instantiation "gerador_freq:inst1|lpm_counter0:inst11|lpm_counter:lpm_counter_component|alt_counter_f10ke:wysi_counter|lpm_compare:$00019|comptree:comparator|cmpchain:cmp_end|comptree:comp|cmpchain:cmp[2]", which is child of megafunction instantiation "gerador_freq:inst1|lpm_counter0:inst11|lpm_counter:lpm_counter_component"
Info: Elaborating entity "comptree" for hierarchy "gerador_freq:inst1|lpm_counter0:inst11|lpm_counter:lpm_counter_component|alt_counter_f10ke:wysi_counter|lpm_compare:$00019|comptree:comparator|cmpchain:cmp_end|comptree:comp|comptree:sub_comptree"
Info: Elaborated megafunction instantiation "gerador_freq:inst1|lpm_counter0:inst11|lpm_counter:lpm_counter_component|alt_counter_f10ke:wysi_counter|lpm_compare:$00019|comptree:comparator|cmpchain:cmp_end|comptree:comp|comptree:sub_comptree", which is child of megafunction instantiation "gerador_freq:inst1|lpm_counter0:inst11|lpm_counter:lpm_counter_component"
Info: Elaborating entity "cmpchain" for hierarchy "gerador_freq:inst1|lpm_counter0:inst11|lpm_counter:lpm_counter_component|alt_counter_f10ke:wysi_counter|lpm_compare:$00019|comptree:comparator|cmpchain:cmp_end|comptree:comp|comptree:sub_comptree|cmpchain:cmp_end"
Info: Elaborated megafunction instantiation "gerador_freq:inst1|lpm_counter0:inst11|lpm_counter:lpm_counter_component|alt_counter_f10ke:wysi_counter|lpm_compare:$00019|comptree:comparator|cmpchain:cmp_end|comptree:comp|comptree:sub_comptree|cmpchain:cmp_end", which is child of megafunction instantiation "gerador_freq:inst1|lpm_counter0:inst11|lpm_counter:lpm_counter_component"
Info: Elaborating entity "lpm_counter1" for hierarchy "gerador_freq:inst1|lpm_counter1:inst6"
Info: Elaborating entity "lpm_counter" for hierarchy "gerador_freq:inst1|lpm_counter1:inst6|lpm_counter:lpm_counter_component"
Info: Elaborated megafunction instantiation "gerador_freq:inst1|lpm_counter1:inst6|lpm_counter:lpm_counter_component"
Info: Instantiated megafunction "gerador_freq:inst1|lpm_counter1:inst6|lpm_counter:lpm_counter_component" with the following parameter:
    Info: Parameter "lpm_direction" = "UP"
    Info: Parameter "lpm_modulus" = "3421"
    Info: Parameter "lpm_port_updown" = "PORT_UNUSED"
    Info: Parameter "lpm_type" = "LPM_COUNTER"
    Info: Parameter "lpm_width" = "12"
Info: Elaborating entity "alt_counter_f10ke" for hierarchy "gerador_freq:inst1|lpm_counter1:inst6|lpm_counter:lpm_counter_component|alt_counter_f10ke:wysi_counter"
Info: Elaborated megafunction instantiation "gerador_freq:inst1|lpm_counter1:inst6|lpm_counter:lpm_counter_component|alt_counter_f10ke:wysi_counter", which is child of megafunction instantiation "gerador_freq:inst1|lpm_counter1:inst6|lpm_counter:lpm_counter_component"
Info: Elaborating entity "lpm_constant" for hierarchy "gerador_freq:inst1|lpm_counter1:inst6|lpm_counter:lpm_counter_component|alt_counter_f10ke:wysi_counter|lpm_constant:$00017"
Info: Elaborated megafunction instantiation "gerador_freq:inst1|lpm_counter1:inst6|lpm_counter:lpm_counter_component|alt_counter_f10ke:wysi_counter|lpm_constant:$00017", which is child of megafunction instantiation "gerador_freq:inst1|lpm_counter1:inst6|lpm_counter:lpm_counter_component"
Warning: Synthesized away the following node(s):
    Warning: Synthesized away the following LCELL buffer node(s):
        Warning (14320): Synthesized away node "gerador_freq:inst1|lpm_counter1:inst6|lpm_counter:lpm_counter_component|alt_counter_f10ke:wysi_counter|lpm_compare:$00019|comptree:comparator|cmpchain:cmp_end|comptree:comp|comptree:sub_comptree|cmpchain:cmp_end|aeb_out"
        Warning (14320): Synthesized away node "gerador_freq:inst1|lpm_counter1:inst6|lpm_counter:lpm_counter_component|alt_counter_f10ke:wysi_counter|lpm_compare:$00019|comptree:comparator|cmpchain:cmp_end|comptree:comp|cmpchain:cmp[0]|aeb_out"
        Warning (14320): Synthesized away node "gerador_freq:inst1|lpm_counter1:inst6|lpm_counter:lpm_counter_component|alt_counter_f10ke:wysi_counter|lpm_compare:$00019|comptree:comparator|cmpchain:cmp_end|comptree:comp|cmpchain:cmp[1]|aeb_out"
        Warning (14320): Synthesized away node "gerador_freq:inst1|lpm_counter1:inst6|lpm_counter:lpm_counter_component|alt_counter_f10ke:wysi_counter|lpm_compare:$00019|comptree:comparator|cmpchain:cmp_end|comptree:comp|cmpchain:cmp[2]|aeb_out"
Info: 12 registers lost all their fanouts during netlist optimizations. The first 12 are displayed below.
    Info: Register "gerador_freq:inst1|lpm_counter1:inst6|lpm_counter:lpm_counter_component|alt_counter_f10ke:wysi_counter|q[11]" lost all its fanouts during netlist optimizations.
    Info: Register "gerador_freq:inst1|lpm_counter1:inst6|lpm_counter:lpm_counter_component|alt_counter_f10ke:wysi_counter|q[10]" lost all its fanouts during netlist optimizations.
    Info: Register "gerador_freq:inst1|lpm_counter1:inst6|lpm_counter:lpm_counter_component|alt_counter_f10ke:wysi_counter|q[9]" lost all its fanouts during netlist optimizations.
    Info: Register "gerador_freq:inst1|lpm_counter1:inst6|lpm_counter:lpm_counter_component|alt_counter_f10ke:wysi_counter|q[8]" lost all its fanouts during netlist optimizations.
    Info: Register "gerador_freq:inst1|lpm_counter1:inst6|lpm_counter:lpm_counter_component|alt_counter_f10ke:wysi_counter|q[7]" lost all its fanouts during netlist optimizations.
    Info: Register "gerador_freq:inst1|lpm_counter1:inst6|lpm_counter:lpm_counter_component|alt_counter_f10ke:wysi_counter|q[6]" lost all its fanouts during netlist optimizations.
    Info: Register "gerador_freq:inst1|lpm_counter1:inst6|lpm_counter:lpm_counter_component|alt_counter_f10ke:wysi_counter|q[5]" lost all its fanouts during netlist optimizations.
    Info: Register "gerador_freq:inst1|lpm_counter1:inst6|lpm_counter:lpm_counter_component|alt_counter_f10ke:wysi_counter|q[4]" lost all its fanouts during netlist optimizations.
    Info: Register "gerador_freq:inst1|lpm_counter1:inst6|lpm_counter:lpm_counter_component|alt_counter_f10ke:wysi_counter|q[3]" lost all its fanouts during netlist optimizations.
    Info: Register "gerador_freq:inst1|lpm_counter1:inst6|lpm_counter:lpm_counter_component|alt_counter_f10ke:wysi_counter|q[2]" lost all its fanouts during netlist optimizations.
    Info: Register "gerador_freq:inst1|lpm_counter1:inst6|lpm_counter:lpm_counter_component|alt_counter_f10ke:wysi_counter|q[1]" lost all its fanouts during netlist optimizations.
    Info: Register "gerador_freq:inst1|lpm_counter1:inst6|lpm_counter:lpm_counter_component|alt_counter_f10ke:wysi_counter|q[0]" lost all its fanouts during netlist optimizations.
Warning: Design contains 8 input pin(s) that do not drive logic
    Warning (15610): No output dependent on input pin "I7"
    Warning (15610): No output dependent on input pin "I6"
    Warning (15610): No output dependent on input pin "I5"
    Warning (15610): No output dependent on input pin "I4"
    Warning (15610): No output dependent on input pin "I3"
    Warning (15610): No output dependent on input pin "I2"
    Warning (15610): No output dependent on input pin "I1"
    Warning (15610): No output dependent on input pin "I0"
Info: Implemented 62 device resources after synthesis - the final resource count might be different
    Info: Implemented 10 input pins
    Info: Implemented 8 output pins
    Info: Implemented 36 logic cells
    Info: Implemented 8 RAM segments
Error: clk1 port on the WYSIWYG primitive "segment[0][7]" must be connected File: /opt/altera/9.0/quartus/libraries/megafunctions/altram.tdf Line: 98
Error: clk1 port on the WYSIWYG primitive "segment[0][6]" must be connected File: /opt/altera/9.0/quartus/libraries/megafunctions/altram.tdf Line: 98
Error: clk1 port on the WYSIWYG primitive "segment[0][5]" must be connected File: /opt/altera/9.0/quartus/libraries/megafunctions/altram.tdf Line: 98
Error: clk1 port on the WYSIWYG primitive "segment[0][4]" must be connected File: /opt/altera/9.0/quartus/libraries/megafunctions/altram.tdf Line: 98
Error: clk1 port on the WYSIWYG primitive "segment[0][3]" must be connected File: /opt/altera/9.0/quartus/libraries/megafunctions/altram.tdf Line: 98
Error: clk1 port on the WYSIWYG primitive "segment[0][2]" must be connected File: /opt/altera/9.0/quartus/libraries/megafunctions/altram.tdf Line: 98
Error: clk1 port on the WYSIWYG primitive "segment[0][1]" must be connected File: /opt/altera/9.0/quartus/libraries/megafunctions/altram.tdf Line: 98
Error: clk1 port on the WYSIWYG primitive "segment[0][0]" must be connected File: /opt/altera/9.0/quartus/libraries/megafunctions/altram.tdf Line: 98
Error: Quartus II Analysis & Synthesis was unsuccessful. 8 errors, 15 warnings
    Error: Peak virtual memory: 207 megabytes
    Error: Processing ended: Wed Oct 26 09:57:22 2016
    Error: Elapsed time: 00:00:05
    Error: Total CPU time (on all processors): 00:00:05


